2016-12-25 18:41:45,834 INFO [{}] STUDENTS TABLE
2016-12-25 18:41:45,852 INFO [{}] 0 | name0
2016-12-25 18:41:45,852 INFO [{}] 1 | name1
2016-12-25 18:41:45,853 INFO [{}] 2 | name2
2016-12-25 18:41:45,853 INFO [{}] 3 | name3
2016-12-25 18:41:45,853 INFO [{}] 4 | name4
2016-12-25 18:41:45,853 INFO [{}] 5 | name5
2016-12-25 18:41:45,854 INFO [{}] 6 | name6
2016-12-25 18:41:45,854 INFO [{}] 7 | name7
2016-12-25 18:41:45,854 INFO [{}] 8 | name8
2016-12-25 18:41:45,854 INFO [{}] 9 | name9
2016-12-25 18:41:45,854 INFO [{}] 10 | name10
2016-12-25 18:41:45,855 INFO [{}] 11 | name11
2016-12-25 18:41:45,855 INFO [{}] 12 | name12
2016-12-25 18:41:45,855 INFO [{}] 13 | name13
2016-12-25 18:41:45,855 INFO [{}] 14 | name14
2016-12-25 18:41:45,868 INFO [{}] 15 | name15
2016-12-25 18:41:45,870 INFO [{}] 16 | name16
2016-12-25 18:41:45,878 INFO [{}] 17 | name17
2016-12-25 18:41:45,878 INFO [{}] 18 | name18
2016-12-25 18:41:45,887 INFO [{}] 19 | name19
2016-12-25 18:41:45,887 INFO [{}] 20 | name20
2016-12-25 18:41:45,888 INFO [{}] 21 | name21
2016-12-25 18:41:45,888 INFO [{}] 22 | name22
2016-12-25 18:41:45,888 INFO [{}] 23 | name23
2016-12-25 18:41:45,888 INFO [{}] 24 | name24
2016-12-25 18:41:45,888 INFO [{}] 25 | name25
2016-12-25 18:41:45,889 INFO [{}] 26 | name26
2016-12-25 18:41:45,889 INFO [{}] 27 | name27
2016-12-25 18:41:45,889 INFO [{}] 28 | name28
2016-12-25 18:41:45,889 INFO [{}] 29 | name29
2016-12-25 18:41:45,889 INFO [{}] 30 | name30
2016-12-25 18:41:45,889 INFO [{}] 31 | name31
2016-12-25 18:41:45,890 INFO [{}] 32 | name32
2016-12-25 18:41:45,890 INFO [{}] 33 | name33
2016-12-25 18:41:45,890 INFO [{}] 34 | name34
2016-12-25 18:41:45,891 INFO [{}] 35 | name35
2016-12-25 18:41:45,891 INFO [{}] 36 | name36
2016-12-25 18:41:45,892 INFO [{}] 37 | name37
2016-12-25 18:41:45,894 INFO [{}] 38 | name38
2016-12-25 18:41:45,895 INFO [{}] 39 | name39
2016-12-25 18:41:45,895 INFO [{}] 40 | name40
2016-12-25 18:41:45,895 INFO [{}] 41 | name41
2016-12-25 18:41:45,896 INFO [{}] 42 | name42
2016-12-25 18:41:45,896 INFO [{}] 43 | name43
2016-12-25 18:41:45,896 INFO [{}] 44 | name44
2016-12-25 18:41:45,899 INFO [{}] 45 | name45
2016-12-25 18:41:45,901 INFO [{}] 46 | name46
2016-12-25 18:41:45,902 INFO [{}] 47 | name47
2016-12-25 18:41:45,902 INFO [{}] 48 | name48
2016-12-25 18:41:45,902 INFO [{}] 49 | name49
2016-12-25 18:41:45,903 INFO [{}] 50 | name50
2016-12-25 18:41:45,903 INFO [{}] 51 | name51
2016-12-25 18:41:45,903 INFO [{}] 52 | name52
2016-12-25 18:41:45,903 INFO [{}] 53 | name53
2016-12-25 18:41:45,903 INFO [{}] 54 | name54
2016-12-25 18:41:45,903 INFO [{}] 55 | name55
2016-12-25 18:41:45,904 INFO [{}] 56 | name56
2016-12-25 18:41:45,904 INFO [{}] 57 | name57
2016-12-25 18:41:45,904 INFO [{}] 58 | name58
2016-12-25 18:41:45,904 INFO [{}] 59 | name59
2016-12-25 18:41:45,904 INFO [{}] 60 | name60
2016-12-25 18:41:45,904 INFO [{}] 61 | name61
2016-12-25 18:41:45,904 INFO [{}] 62 | name62
2016-12-25 18:41:45,909 INFO [{}] 63 | name63
2016-12-25 18:41:45,910 INFO [{}] 64 | name64
2016-12-25 18:41:45,920 INFO [{}] 65 | name65
2016-12-25 18:41:45,920 INFO [{}] 66 | name66
2016-12-25 18:41:45,920 INFO [{}] 67 | name67
2016-12-25 18:41:45,920 INFO [{}] 68 | name68
2016-12-25 18:41:45,920 INFO [{}] 69 | name69
2016-12-25 18:41:45,920 INFO [{}] 70 | name70
2016-12-25 18:41:45,921 INFO [{}] 71 | name71
2016-12-25 18:41:45,921 INFO [{}] 72 | name72
2016-12-25 18:41:45,921 INFO [{}] 73 | name73
2016-12-25 18:41:45,921 INFO [{}] 74 | name74
2016-12-25 18:41:45,921 INFO [{}] 75 | name75
2016-12-25 18:41:45,921 INFO [{}] 76 | name76
2016-12-25 18:41:45,921 INFO [{}] 77 | name77
2016-12-25 18:41:45,922 INFO [{}] 78 | name78
2016-12-25 18:41:45,922 INFO [{}] 79 | name79
2016-12-25 18:41:45,922 INFO [{}] 80 | name80
2016-12-25 18:41:45,922 INFO [{}] 81 | name81
2016-12-25 18:41:45,922 INFO [{}] 82 | name82
2016-12-25 18:41:45,922 INFO [{}] 83 | name83
2016-12-25 18:41:45,922 INFO [{}] 84 | name84
2016-12-25 18:41:45,923 INFO [{}] 85 | name85
2016-12-25 18:41:45,923 INFO [{}] 86 | name86
2016-12-25 18:41:45,923 INFO [{}] 87 | name87
2016-12-25 18:41:45,924 INFO [{}] 88 | name88
2016-12-25 18:41:45,924 INFO [{}] 89 | name89
2016-12-25 18:41:45,924 INFO [{}] 90 | name90
2016-12-25 18:41:45,924 INFO [{}] 91 | name91
2016-12-25 18:41:45,924 INFO [{}] 92 | name92
2016-12-25 18:41:45,925 INFO [{}] 93 | name93
2016-12-25 18:41:45,925 INFO [{}] 94 | name94
2016-12-25 18:41:45,925 INFO [{}] 95 | name95
2016-12-25 18:41:45,925 INFO [{}] 96 | name96
2016-12-25 18:41:45,925 INFO [{}] 97 | name97
2016-12-25 18:41:45,925 INFO [{}] 98 | name98
2016-12-25 18:41:45,925 INFO [{}] 99 | name99
2016-12-25 18:41:45,925 INFO [{}] 100 | name100
2016-12-25 18:41:45,927 INFO [{}] 101 | name101
2016-12-25 18:41:45,927 INFO [{}] 102 | name102
2016-12-25 18:41:45,928 INFO [{}] 103 | name103
2016-12-25 18:41:45,935 INFO [{}] 104 | name104
2016-12-25 18:41:45,936 INFO [{}] 105 | name105
2016-12-25 18:41:45,936 INFO [{}] 106 | name106
2016-12-25 18:41:45,936 INFO [{}] 107 | name107
2016-12-25 18:41:45,936 INFO [{}] 108 | name108
2016-12-25 18:41:45,936 INFO [{}] 109 | name109
2016-12-25 18:41:45,936 INFO [{}] 110 | name110
2016-12-25 18:41:45,936 INFO [{}] 111 | name111
2016-12-25 18:41:45,936 INFO [{}] 112 | name112
2016-12-25 18:41:45,936 INFO [{}] 113 | name113
2016-12-25 18:41:45,936 INFO [{}] 114 | name114
2016-12-25 18:41:45,937 INFO [{}] 115 | name115
2016-12-25 18:41:45,937 INFO [{}] 116 | name116
2016-12-25 18:41:45,937 INFO [{}] 117 | name117
2016-12-25 18:41:45,937 INFO [{}] 118 | name118
2016-12-25 18:41:45,937 INFO [{}] 119 | name119
2016-12-25 18:41:45,937 INFO [{}] 120 | name120
2016-12-25 18:41:45,937 INFO [{}] 121 | name121
2016-12-25 18:41:45,937 INFO [{}] 122 | name122
2016-12-25 18:41:45,937 INFO [{}] 123 | name123
2016-12-25 18:41:45,937 INFO [{}] 124 | name124
2016-12-25 18:41:45,937 INFO [{}] 125 | name125
2016-12-25 18:41:45,937 INFO [{}] 126 | name126
2016-12-25 18:41:45,938 INFO [{}] 127 | name127
2016-12-25 18:41:45,938 INFO [{}] 128 | name128
2016-12-25 18:41:45,938 INFO [{}] 129 | name129
2016-12-25 18:41:45,938 INFO [{}] 130 | name130
2016-12-25 18:41:45,938 INFO [{}] 131 | name131
2016-12-25 18:41:45,938 INFO [{}] 132 | name132
2016-12-25 18:41:45,938 INFO [{}] 133 | name133
2016-12-25 18:41:45,938 INFO [{}] 134 | name134
2016-12-25 18:41:45,939 INFO [{}] 135 | name135
2016-12-25 18:41:45,939 INFO [{}] 136 | name136
2016-12-25 18:41:45,939 INFO [{}] 137 | name137
2016-12-25 18:41:45,940 INFO [{}] 138 | name138
2016-12-25 18:41:45,940 INFO [{}] 139 | name139
2016-12-25 18:41:45,940 INFO [{}] 140 | name140
2016-12-25 18:41:45,941 INFO [{}] 141 | name141
2016-12-25 18:41:45,941 INFO [{}] 142 | name142
2016-12-25 18:41:45,941 INFO [{}] 143 | name143
2016-12-25 18:41:45,941 INFO [{}] 144 | name144
2016-12-25 18:41:45,942 INFO [{}] 145 | name145
2016-12-25 18:41:45,942 INFO [{}] 146 | name146
2016-12-25 18:41:45,942 INFO [{}] 147 | name147
2016-12-25 18:41:45,942 INFO [{}] 148 | name148
2016-12-25 18:41:45,942 INFO [{}] 149 | name149
2016-12-25 18:41:45,943 INFO [{}] 150 | name150
2016-12-25 18:41:45,943 INFO [{}] 151 | name151
2016-12-25 18:41:45,944 INFO [{}] 152 | name152
2016-12-25 18:41:45,944 INFO [{}] 153 | name153
2016-12-25 18:41:45,944 INFO [{}] 154 | name154
2016-12-25 18:41:45,944 INFO [{}] 155 | name155
2016-12-25 18:41:45,944 INFO [{}] 156 | name156
2016-12-25 18:41:45,944 INFO [{}] 157 | name157
2016-12-25 18:41:45,944 INFO [{}] 158 | name158
2016-12-25 18:41:45,944 INFO [{}] 159 | name159
2016-12-25 18:41:45,944 INFO [{}] 160 | name160
2016-12-25 18:41:45,944 INFO [{}] 161 | name161
2016-12-25 18:41:45,945 INFO [{}] 162 | name162
2016-12-25 18:41:45,945 INFO [{}] 163 | name163
2016-12-25 18:41:45,945 INFO [{}] 164 | name164
2016-12-25 18:41:45,945 INFO [{}] 165 | name165
2016-12-25 18:41:45,946 INFO [{}] 166 | name166
2016-12-25 18:41:45,946 INFO [{}] 167 | name167
2016-12-25 18:41:45,946 INFO [{}] 168 | name168
2016-12-25 18:41:45,946 INFO [{}] 169 | name169
2016-12-25 18:41:45,947 INFO [{}] 170 | name170
2016-12-25 18:41:45,947 INFO [{}] 171 | name171
2016-12-25 18:41:45,948 INFO [{}] 172 | name172
2016-12-25 18:41:45,952 INFO [{}] 173 | name173
2016-12-25 18:41:45,952 INFO [{}] 174 | name174
2016-12-25 18:41:45,952 INFO [{}] 175 | name175
2016-12-25 18:41:45,955 INFO [{}] 176 | name176
2016-12-25 18:41:45,956 INFO [{}] 177 | name177
2016-12-25 18:41:45,956 INFO [{}] 178 | name178
2016-12-25 18:41:45,956 INFO [{}] 179 | name179
2016-12-25 18:41:45,956 INFO [{}] 180 | name180
2016-12-25 18:41:45,956 INFO [{}] 181 | name181
2016-12-25 18:41:45,956 INFO [{}] 182 | name182
2016-12-25 18:41:45,957 INFO [{}] 183 | name183
2016-12-25 18:41:45,957 INFO [{}] 184 | name184
2016-12-25 18:41:45,957 INFO [{}] 185 | name185
2016-12-25 18:41:45,957 INFO [{}] 186 | name186
2016-12-25 18:41:45,957 INFO [{}] 187 | name187
2016-12-25 18:41:45,957 INFO [{}] 188 | name188
2016-12-25 18:41:45,958 INFO [{}] 189 | name189
2016-12-25 18:41:45,958 INFO [{}] 190 | name190
2016-12-25 18:41:45,958 INFO [{}] 191 | name191
2016-12-25 18:41:45,959 INFO [{}] 192 | name192
2016-12-25 18:41:45,959 INFO [{}] 193 | name193
2016-12-25 18:41:45,959 INFO [{}] 194 | name194
2016-12-25 18:41:45,959 INFO [{}] 195 | name195
2016-12-25 18:41:45,959 INFO [{}] 196 | name196
2016-12-25 18:41:45,959 INFO [{}] 197 | name197
2016-12-25 18:41:45,959 INFO [{}] 198 | name198
2016-12-25 18:41:45,959 INFO [{}] 199 | name199
2016-12-25 18:41:45,973 INFO [{}] LECTURES TABLE
2016-12-25 18:41:45,973 INFO [{}] 0 | Course name 0
2016-12-25 18:41:45,973 INFO [{}] 1 | Course name 1
2016-12-25 18:41:45,973 INFO [{}] 2 | Course name 2
2016-12-25 18:41:45,973 INFO [{}] 3 | Course name 3
2016-12-25 18:41:45,974 INFO [{}] 4 | Course name 4
2016-12-25 18:41:45,974 INFO [{}] 5 | Course name 5
2016-12-25 18:41:45,974 INFO [{}] 6 | Course name 6
2016-12-25 18:41:45,974 INFO [{}] 7 | Course name 7
2016-12-25 18:41:45,974 INFO [{}] 8 | Course name 8
2016-12-25 18:41:45,974 INFO [{}] 9 | Course name 9
2016-12-25 18:41:45,974 INFO [{}] 10 | Course name 10
2016-12-25 18:41:45,974 INFO [{}] 11 | Course name 11
2016-12-25 18:41:45,974 INFO [{}] 12 | Course name 12
2016-12-25 18:41:45,974 INFO [{}] 13 | Course name 13
2016-12-25 18:41:45,974 INFO [{}] 14 | Course name 14
2016-12-25 18:41:45,975 INFO [{}] 15 | Course name 15
2016-12-25 18:41:45,975 INFO [{}] 16 | Course name 16
2016-12-25 18:41:45,975 INFO [{}] 17 | Course name 17
2016-12-25 18:41:45,975 INFO [{}] 18 | Course name 18
2016-12-25 18:41:45,975 INFO [{}] 19 | Course name 19
2016-12-25 18:41:45,975 INFO [{}] 20 | Course name 20
2016-12-25 18:41:45,975 INFO [{}] 21 | Course name 21
2016-12-25 18:41:45,975 INFO [{}] 22 | Course name 22
2016-12-25 18:41:45,975 INFO [{}] 23 | Course name 23
2016-12-25 18:41:45,975 INFO [{}] 24 | Course name 24
2016-12-25 18:41:45,975 INFO [{}] 25 | Course name 25
2016-12-25 18:41:45,976 INFO [{}] 26 | Course name 26
2016-12-25 18:41:45,976 INFO [{}] 27 | Course name 27
2016-12-25 18:41:45,976 INFO [{}] 28 | Course name 28
2016-12-25 18:41:45,976 INFO [{}] 29 | Course name 29
2016-12-25 18:41:45,976 INFO [{}] 30 | Course name 30
2016-12-25 18:41:45,976 INFO [{}] 31 | Course name 31
2016-12-25 18:41:45,976 INFO [{}] 32 | Course name 32
2016-12-25 18:41:45,976 INFO [{}] 33 | Course name 33
2016-12-25 18:41:45,976 INFO [{}] 34 | Course name 34
2016-12-25 18:41:45,976 INFO [{}] 35 | Course name 35
2016-12-25 18:41:45,977 INFO [{}] 36 | Course name 36
2016-12-25 18:41:45,977 INFO [{}] 37 | Course name 37
2016-12-25 18:41:45,977 INFO [{}] 38 | Course name 38
2016-12-25 18:41:45,977 INFO [{}] 39 | Course name 39
2016-12-25 18:41:45,978 INFO [{}] 40 | Course name 40
2016-12-25 18:41:45,978 INFO [{}] 41 | Course name 41
2016-12-25 18:41:45,979 INFO [{}] 42 | Course name 42
2016-12-25 18:41:45,979 INFO [{}] 43 | Course name 43
2016-12-25 18:41:45,979 INFO [{}] 44 | Course name 44
2016-12-25 18:41:45,979 INFO [{}] 45 | Course name 45
2016-12-25 18:41:45,979 INFO [{}] 46 | Course name 46
2016-12-25 18:41:45,979 INFO [{}] 47 | Course name 47
2016-12-25 18:41:45,980 INFO [{}] 48 | Course name 48
2016-12-25 18:41:45,980 INFO [{}] 49 | Course name 49
2016-12-25 18:41:45,980 INFO [{}] 50 | Course name 50
2016-12-25 18:41:45,980 INFO [{}] 51 | Course name 51
2016-12-25 18:41:45,980 INFO [{}] 52 | Course name 52
2016-12-25 18:41:45,980 INFO [{}] 53 | Course name 53
2016-12-25 18:41:45,981 INFO [{}] 54 | Course name 54
2016-12-25 18:41:45,981 INFO [{}] 55 | Course name 55
2016-12-25 18:41:45,981 INFO [{}] 56 | Course name 56
2016-12-25 18:41:45,981 INFO [{}] 57 | Course name 57
2016-12-25 18:41:45,981 INFO [{}] 58 | Course name 58
2016-12-25 18:41:45,981 INFO [{}] 59 | Course name 59
2016-12-25 18:41:45,981 INFO [{}] 60 | Course name 60
2016-12-25 18:41:45,982 INFO [{}] 61 | Course name 61
2016-12-25 18:41:45,982 INFO [{}] 62 | Course name 62
2016-12-25 18:41:45,982 INFO [{}] 63 | Course name 63
2016-12-25 18:41:45,982 INFO [{}] 64 | Course name 64
2016-12-25 18:41:45,982 INFO [{}] 65 | Course name 65
2016-12-25 18:41:45,987 INFO [{}] 66 | Course name 66
2016-12-25 18:41:45,987 INFO [{}] 67 | Course name 67
2016-12-25 18:41:45,988 INFO [{}] 68 | Course name 68
2016-12-25 18:41:45,988 INFO [{}] 69 | Course name 69
2016-12-25 18:41:45,988 INFO [{}] 70 | Course name 70
2016-12-25 18:41:45,988 INFO [{}] 71 | Course name 71
2016-12-25 18:41:45,988 INFO [{}] 72 | Course name 72
2016-12-25 18:41:45,988 INFO [{}] 73 | Course name 73
2016-12-25 18:41:45,988 INFO [{}] 74 | Course name 74
2016-12-25 18:41:45,988 INFO [{}] 75 | Course name 75
2016-12-25 18:41:45,988 INFO [{}] 76 | Course name 76
2016-12-25 18:41:45,989 INFO [{}] 77 | Course name 77
2016-12-25 18:41:45,989 INFO [{}] 78 | Course name 78
2016-12-25 18:41:45,989 INFO [{}] 79 | Course name 79
2016-12-25 18:41:45,989 INFO [{}] 80 | Course name 80
2016-12-25 18:41:45,990 INFO [{}] 81 | Course name 81
2016-12-25 18:41:45,990 INFO [{}] 82 | Course name 82
2016-12-25 18:41:45,990 INFO [{}] 83 | Course name 83
2016-12-25 18:41:45,990 INFO [{}] 84 | Course name 84
2016-12-25 18:41:45,990 INFO [{}] 85 | Course name 85
2016-12-25 18:41:45,990 INFO [{}] 86 | Course name 86
2016-12-25 18:41:45,990 INFO [{}] 87 | Course name 87
2016-12-25 18:41:45,990 INFO [{}] 88 | Course name 88
2016-12-25 18:41:45,990 INFO [{}] 89 | Course name 89
2016-12-25 18:41:45,990 INFO [{}] 90 | Course name 90
2016-12-25 18:41:45,990 INFO [{}] 91 | Course name 91
2016-12-25 18:41:45,990 INFO [{}] 92 | Course name 92
2016-12-25 18:41:45,990 INFO [{}] 93 | Course name 93
2016-12-25 18:41:45,991 INFO [{}] 94 | Course name 94
2016-12-25 18:41:45,991 INFO [{}] 95 | Course name 95
2016-12-25 18:41:45,991 INFO [{}] 96 | Course name 96
2016-12-25 18:41:45,991 INFO [{}] 97 | Course name 97
2016-12-25 18:41:45,991 INFO [{}] 98 | Course name 98
2016-12-25 18:41:45,991 INFO [{}] 99 | Course name 99
2016-12-25 18:41:45,991 INFO [{}] 100 | Course name 100
2016-12-25 18:41:45,991 INFO [{}] 101 | Course name 101
2016-12-25 18:41:45,996 INFO [{}] 102 | Course name 102
2016-12-25 18:41:45,996 INFO [{}] 103 | Course name 103
2016-12-25 18:41:45,996 INFO [{}] 104 | Course name 104
2016-12-25 18:41:45,996 INFO [{}] 105 | Course name 105
2016-12-25 18:41:45,997 INFO [{}] 106 | Course name 106
2016-12-25 18:41:45,997 INFO [{}] 107 | Course name 107
2016-12-25 18:41:45,997 INFO [{}] 108 | Course name 108
2016-12-25 18:41:45,997 INFO [{}] 109 | Course name 109
2016-12-25 18:41:45,997 INFO [{}] 110 | Course name 110
2016-12-25 18:41:45,997 INFO [{}] 111 | Course name 111
2016-12-25 18:41:45,997 INFO [{}] 112 | Course name 112
2016-12-25 18:41:45,997 INFO [{}] 113 | Course name 113
2016-12-25 18:41:45,997 INFO [{}] 114 | Course name 114
2016-12-25 18:41:45,997 INFO [{}] 115 | Course name 115
2016-12-25 18:41:45,997 INFO [{}] 116 | Course name 116
2016-12-25 18:41:45,997 INFO [{}] 117 | Course name 117
2016-12-25 18:41:45,997 INFO [{}] 118 | Course name 118
2016-12-25 18:41:45,998 INFO [{}] 119 | Course name 119
2016-12-25 18:41:46,000 INFO [{}] 120 | Course name 120
2016-12-25 18:41:46,010 INFO [{}] 121 | Course name 121
2016-12-25 18:41:46,010 INFO [{}] 122 | Course name 122
2016-12-25 18:41:46,010 INFO [{}] 123 | Course name 123
2016-12-25 18:41:46,010 INFO [{}] 124 | Course name 124
2016-12-25 18:41:46,010 INFO [{}] 125 | Course name 125
2016-12-25 18:41:46,010 INFO [{}] 126 | Course name 126
2016-12-25 18:41:46,010 INFO [{}] 127 | Course name 127
2016-12-25 18:41:46,010 INFO [{}] 128 | Course name 128
2016-12-25 18:41:46,010 INFO [{}] 129 | Course name 129
2016-12-25 18:41:46,010 INFO [{}] 130 | Course name 130
2016-12-25 18:41:46,010 INFO [{}] 131 | Course name 131
2016-12-25 18:41:46,011 INFO [{}] 132 | Course name 132
2016-12-25 18:41:46,011 INFO [{}] 133 | Course name 133
2016-12-25 18:41:46,011 INFO [{}] 134 | Course name 134
2016-12-25 18:41:46,011 INFO [{}] 135 | Course name 135
2016-12-25 18:41:46,011 INFO [{}] 136 | Course name 136
2016-12-25 18:41:46,011 INFO [{}] 137 | Course name 137
2016-12-25 18:41:46,011 INFO [{}] 138 | Course name 138
2016-12-25 18:41:46,011 INFO [{}] 139 | Course name 139
2016-12-25 18:41:46,011 INFO [{}] 140 | Course name 140
2016-12-25 18:41:46,011 INFO [{}] 141 | Course name 141
2016-12-25 18:41:46,011 INFO [{}] 142 | Course name 142
2016-12-25 18:41:46,011 INFO [{}] 143 | Course name 143
2016-12-25 18:41:46,011 INFO [{}] 144 | Course name 144
2016-12-25 18:41:46,011 INFO [{}] 145 | Course name 145
2016-12-25 18:41:46,011 INFO [{}] 146 | Course name 146
2016-12-25 18:41:46,011 INFO [{}] 147 | Course name 147
2016-12-25 18:41:46,011 INFO [{}] 148 | Course name 148
2016-12-25 18:41:46,011 INFO [{}] 149 | Course name 149
2016-12-25 18:41:46,012 INFO [{}] 150 | Course name 150
2016-12-25 18:41:46,012 INFO [{}] 151 | Course name 151
2016-12-25 18:41:46,012 INFO [{}] 152 | Course name 152
2016-12-25 18:41:46,012 INFO [{}] 153 | Course name 153
2016-12-25 18:41:46,012 INFO [{}] 154 | Course name 154
2016-12-25 18:41:46,012 INFO [{}] 155 | Course name 155
2016-12-25 18:41:46,012 INFO [{}] 156 | Course name 156
2016-12-25 18:41:46,012 INFO [{}] 157 | Course name 157
2016-12-25 18:41:46,012 INFO [{}] 158 | Course name 158
2016-12-25 18:41:46,012 INFO [{}] 159 | Course name 159
2016-12-25 18:41:46,012 INFO [{}] 160 | Course name 160
2016-12-25 18:41:46,012 INFO [{}] 161 | Course name 161
2016-12-25 18:41:46,012 INFO [{}] 162 | Course name 162
2016-12-25 18:41:46,012 INFO [{}] 163 | Course name 163
2016-12-25 18:41:46,012 INFO [{}] 164 | Course name 164
2016-12-25 18:41:46,012 INFO [{}] 165 | Course name 165
2016-12-25 18:41:46,012 INFO [{}] 166 | Course name 166
2016-12-25 18:41:46,012 INFO [{}] 167 | Course name 167
2016-12-25 18:41:46,012 INFO [{}] 168 | Course name 168
2016-12-25 18:41:46,012 INFO [{}] 169 | Course name 169
2016-12-25 18:41:46,012 INFO [{}] 170 | Course name 170
2016-12-25 18:41:46,012 INFO [{}] 171 | Course name 171
2016-12-25 18:41:46,012 INFO [{}] 172 | Course name 172
2016-12-25 18:41:46,013 INFO [{}] 173 | Course name 173
2016-12-25 18:41:46,013 INFO [{}] 174 | Course name 174
2016-12-25 18:41:46,013 INFO [{}] 175 | Course name 175
2016-12-25 18:41:46,013 INFO [{}] 176 | Course name 176
2016-12-25 18:41:46,013 INFO [{}] 177 | Course name 177
2016-12-25 18:41:46,013 INFO [{}] 178 | Course name 178
2016-12-25 18:41:46,013 INFO [{}] 179 | Course name 179
2016-12-25 18:41:46,013 INFO [{}] 180 | Course name 180
2016-12-25 18:41:46,013 INFO [{}] 181 | Course name 181
2016-12-25 18:41:46,013 INFO [{}] 182 | Course name 182
2016-12-25 18:41:46,013 INFO [{}] 183 | Course name 183
2016-12-25 18:41:46,013 INFO [{}] 184 | Course name 184
2016-12-25 18:41:46,013 INFO [{}] 185 | Course name 185
2016-12-25 18:41:46,013 INFO [{}] 186 | Course name 186
2016-12-25 18:41:46,013 INFO [{}] 187 | Course name 187
2016-12-25 18:41:46,013 INFO [{}] 188 | Course name 188
2016-12-25 18:41:46,013 INFO [{}] 189 | Course name 189
2016-12-25 18:41:46,013 INFO [{}] 190 | Course name 190
2016-12-25 18:41:46,013 INFO [{}] 191 | Course name 191
2016-12-25 18:41:46,013 INFO [{}] 192 | Course name 192
2016-12-25 18:41:46,013 INFO [{}] 193 | Course name 193
2016-12-25 18:41:46,013 INFO [{}] 194 | Course name 194
2016-12-25 18:41:46,013 INFO [{}] 195 | Course name 195
2016-12-25 18:41:46,013 INFO [{}] 196 | Course name 196
2016-12-25 18:41:46,013 INFO [{}] 197 | Course name 197
2016-12-25 18:41:46,013 INFO [{}] 198 | Course name 198
2016-12-25 18:41:46,013 INFO [{}] 199 | Course name 199
2016-12-25 21:03:29,169 INFO [{}] Database successfully created
2016-12-25 21:33:31,941 INFO [{}] STUDENTS TABLE
2016-12-25 21:33:58,397 INFO [{}] PRODUCTS TABLE
